<?xml version="1.0" encoding="UTF-8"?>
<testng-results ignored="0" total="1" passed="0" failed="0" skipped="1">
  <reporter-output>
  </reporter-output>
  <suite started-at="2020-06-26T12:44:10 IST" name="Default suite" finished-at="2020-06-26T12:44:10 IST" duration-ms="47">
    <groups>
    </groups>
    <test started-at="2020-06-26T12:44:10 IST" name="Default test" finished-at="2020-06-26T12:44:10 IST" duration-ms="47">
      <class name="TestCases.searches">
        <test-method is-config="true" signature="openBrowser()[pri:0, instance:TestCases.searches@38467116]" started-at="2020-06-26T12:44:05 IST" name="openBrowser" finished-at="2020-06-26T12:44:10 IST" duration-ms="4469" status="FAIL">
          <exception class="org.openqa.selenium.SessionNotCreatedException">
            <message>
              <![CDATA[session not created: This version of ChromeDriver only supports Chrome version 81
Build info: version: '3.141.59', revision: 'e82be7d358', time: '2018-11-14T08:17:03'
System info: host: 'ANAMIKASALUJA', ip: '192.168.1.12', os.name: 'Windows 10', os.arch: 'amd64', os.version: '10.0', java.version: '11.0.5'
Driver info: driver.version: ChromeDriver
remote stacktrace: Backtrace:
Ordinal0 [0x006F5E93+2449043]
Ordinal0 [0x00628281+1606273]
Ordinal0 [0x0051F889+522377]
Ordinal0 [0x004B05F3+67059]
Ordinal0 [0x004ACD92+52626]
Ordinal0 [0x004CC127+180519]
Ordinal0 [0x004CBF2D+180013]
Ordinal0 [0x004C9E5B+171611]
Ordinal0 [0x004B1DD8+73176]
Ordinal0 [0x004B2E50+77392]
Ordinal0 [0x004B2DE9+77289]
Ordinal0 [0x0063D7F7+1693687]
GetHandleVerifier [0x00794576+522742]
GetHandleVerifier [0x007942B4+522036]
GetHandleVerifier [0x007A9587+608775]
GetHandleVerifier [0x00794DE6+524902]
Ordinal0 [0x00635BDC+1661916]
Ordinal0 [0x0063F15B+1700187]
Ordinal0 [0x0063F2C3+1700547]
Ordinal0 [0x00655135+1790261]
BaseThreadInitThunk [0x76A56359+25]
RtlGetAppContainerNamedObjectPath [0x77677C24+228]
RtlGetAppContainerNamedObjectPath [0x77677BF4+180]
]]>
            </message>
            <full-stacktrace>
              <![CDATA[org.openqa.selenium.SessionNotCreatedException: session not created: This version of ChromeDriver only supports Chrome version 81
Build info: version: '3.141.59', revision: 'e82be7d358', time: '2018-11-14T08:17:03'
System info: host: 'ANAMIKASALUJA', ip: '192.168.1.12', os.name: 'Windows 10', os.arch: 'amd64', os.version: '10.0', java.version: '11.0.5'
Driver info: driver.version: ChromeDriver
remote stacktrace: Backtrace:
Ordinal0 [0x006F5E93+2449043]
Ordinal0 [0x00628281+1606273]
Ordinal0 [0x0051F889+522377]
Ordinal0 [0x004B05F3+67059]
Ordinal0 [0x004ACD92+52626]
Ordinal0 [0x004CC127+180519]
Ordinal0 [0x004CBF2D+180013]
Ordinal0 [0x004C9E5B+171611]
Ordinal0 [0x004B1DD8+73176]
Ordinal0 [0x004B2E50+77392]
Ordinal0 [0x004B2DE9+77289]
Ordinal0 [0x0063D7F7+1693687]
GetHandleVerifier [0x00794576+522742]
GetHandleVerifier [0x007942B4+522036]
GetHandleVerifier [0x007A9587+608775]
GetHandleVerifier [0x00794DE6+524902]
Ordinal0 [0x00635BDC+1661916]
Ordinal0 [0x0063F15B+1700187]
Ordinal0 [0x0063F2C3+1700547]
Ordinal0 [0x00655135+1790261]
BaseThreadInitThunk [0x76A56359+25]
RtlGetAppContainerNamedObjectPath [0x77677C24+228]
RtlGetAppContainerNamedObjectPath [0x77677BF4+180]

at java.base/jdk.internal.reflect.NativeConstructorAccessorImpl.newInstance0(Native Method)
at java.base/jdk.internal.reflect.NativeConstructorAccessorImpl.newInstance(NativeConstructorAccessorImpl.java:62)
at java.base/jdk.internal.reflect.DelegatingConstructorAccessorImpl.newInstance(DelegatingConstructorAccessorImpl.java:45)
at java.base/java.lang.reflect.Constructor.newInstance(Constructor.java:490)
at org.openqa.selenium.remote.W3CHandshakeResponse.lambda$errorHandler$0(W3CHandshakeResponse.java:62)
at org.openqa.selenium.remote.HandshakeResponse.lambda$getResponseFunction$0(HandshakeResponse.java:30)
at org.openqa.selenium.remote.ProtocolHandshake.lambda$createSession$0(ProtocolHandshake.java:126)
at java.base/java.util.stream.ReferencePipeline$3$1.accept(ReferencePipeline.java:195)
at java.base/java.util.Spliterators$ArraySpliterator.tryAdvance(Spliterators.java:958)
at java.base/java.util.stream.ReferencePipeline.forEachWithCancel(ReferencePipeline.java:127)
at java.base/java.util.stream.AbstractPipeline.copyIntoWithCancel(AbstractPipeline.java:502)
at java.base/java.util.stream.AbstractPipeline.copyInto(AbstractPipeline.java:488)
at java.base/java.util.stream.AbstractPipeline.wrapAndCopyInto(AbstractPipeline.java:474)
at java.base/java.util.stream.FindOps$FindOp.evaluateSequential(FindOps.java:150)
at java.base/java.util.stream.AbstractPipeline.evaluate(AbstractPipeline.java:234)
at java.base/java.util.stream.ReferencePipeline.findFirst(ReferencePipeline.java:543)
at org.openqa.selenium.remote.ProtocolHandshake.createSession(ProtocolHandshake.java:128)
at org.openqa.selenium.remote.ProtocolHandshake.createSession(ProtocolHandshake.java:74)
at org.openqa.selenium.remote.HttpCommandExecutor.execute(HttpCommandExecutor.java:136)
at org.openqa.selenium.remote.service.DriverCommandExecutor.execute(DriverCommandExecutor.java:83)
at org.openqa.selenium.remote.RemoteWebDriver.execute(RemoteWebDriver.java:552)
at org.openqa.selenium.remote.RemoteWebDriver.startSession(RemoteWebDriver.java:213)
at org.openqa.selenium.remote.RemoteWebDriver.<init>(RemoteWebDriver.java:131)
at org.openqa.selenium.chrome.ChromeDriver.<init>(ChromeDriver.java:181)
at org.openqa.selenium.chrome.ChromeDriver.<init>(ChromeDriver.java:168)
at org.openqa.selenium.chrome.ChromeDriver.<init>(ChromeDriver.java:123)
at Base.BasePage.openBrowser(BasePage.java:70)
at java.base/jdk.internal.reflect.NativeMethodAccessorImpl.invoke0(Native Method)
at java.base/jdk.internal.reflect.NativeMethodAccessorImpl.invoke(NativeMethodAccessorImpl.java:62)
at java.base/jdk.internal.reflect.DelegatingMethodAccessorImpl.invoke(DelegatingMethodAccessorImpl.java:43)
at java.base/java.lang.reflect.Method.invoke(Method.java:566)
at org.testng.internal.MethodInvocationHelper.invokeMethod(MethodInvocationHelper.java:135)
at org.testng.internal.MethodInvocationHelper.invokeMethodConsideringTimeout(MethodInvocationHelper.java:64)
at org.testng.internal.ConfigInvoker.invokeConfigurationMethod(ConfigInvoker.java:364)
at org.testng.internal.ConfigInvoker.invokeConfigurations(ConfigInvoker.java:318)
at org.testng.SuiteRunner.privateRun(SuiteRunner.java:327)
at org.testng.SuiteRunner.run(SuiteRunner.java:286)
at org.testng.SuiteRunnerWorker.runSuite(SuiteRunnerWorker.java:53)
at org.testng.SuiteRunnerWorker.run(SuiteRunnerWorker.java:96)
at org.testng.TestNG.runSuitesSequentially(TestNG.java:1214)
at org.testng.TestNG.runSuitesLocally(TestNG.java:1136)
at org.testng.TestNG.runSuites(TestNG.java:1066)
at org.testng.TestNG.run(TestNG.java:1034)
at org.testng.remote.AbstractRemoteTestNG.run(AbstractRemoteTestNG.java:115)
at org.testng.remote.RemoteTestNG.initAndRun(RemoteTestNG.java:251)
at org.testng.remote.RemoteTestNG.main(RemoteTestNG.java:77)
]]>
            </full-stacktrace>
          </exception> <!-- org.openqa.selenium.SessionNotCreatedException -->
          <reporter-output>
          </reporter-output>
        </test-method> <!-- openBrowser -->
        <test-method is-config="true" signature="init()[pri:0, instance:TestCases.searches@38467116]" started-at="2020-06-26T12:44:10 IST" name="init" finished-at="1970-01-01T05:30:00 IST" duration-ms="-1593155650139" status="SKIP">
          <reporter-output>
          </reporter-output>
        </test-method> <!-- init -->
        <test-method signature="Home()[pri:0, instance:TestCases.searches@38467116]" started-at="2020-06-26T12:44:10 IST" name="Home" finished-at="2020-06-26T12:44:10 IST" duration-ms="0" status="SKIP">
          <exception class="org.openqa.selenium.SessionNotCreatedException">
            <message>
              <![CDATA[session not created: This version of ChromeDriver only supports Chrome version 81
Build info: version: '3.141.59', revision: 'e82be7d358', time: '2018-11-14T08:17:03'
System info: host: 'ANAMIKASALUJA', ip: '192.168.1.12', os.name: 'Windows 10', os.arch: 'amd64', os.version: '10.0', java.version: '11.0.5'
Driver info: driver.version: ChromeDriver
remote stacktrace: Backtrace:
Ordinal0 [0x006F5E93+2449043]
Ordinal0 [0x00628281+1606273]
Ordinal0 [0x0051F889+522377]
Ordinal0 [0x004B05F3+67059]
Ordinal0 [0x004ACD92+52626]
Ordinal0 [0x004CC127+180519]
Ordinal0 [0x004CBF2D+180013]
Ordinal0 [0x004C9E5B+171611]
Ordinal0 [0x004B1DD8+73176]
Ordinal0 [0x004B2E50+77392]
Ordinal0 [0x004B2DE9+77289]
Ordinal0 [0x0063D7F7+1693687]
GetHandleVerifier [0x00794576+522742]
GetHandleVerifier [0x007942B4+522036]
GetHandleVerifier [0x007A9587+608775]
GetHandleVerifier [0x00794DE6+524902]
Ordinal0 [0x00635BDC+1661916]
Ordinal0 [0x0063F15B+1700187]
Ordinal0 [0x0063F2C3+1700547]
Ordinal0 [0x00655135+1790261]
BaseThreadInitThunk [0x76A56359+25]
RtlGetAppContainerNamedObjectPath [0x77677C24+228]
RtlGetAppContainerNamedObjectPath [0x77677BF4+180]
]]>
            </message>
            <full-stacktrace>
              <![CDATA[org.openqa.selenium.SessionNotCreatedException: session not created: This version of ChromeDriver only supports Chrome version 81
Build info: version: '3.141.59', revision: 'e82be7d358', time: '2018-11-14T08:17:03'
System info: host: 'ANAMIKASALUJA', ip: '192.168.1.12', os.name: 'Windows 10', os.arch: 'amd64', os.version: '10.0', java.version: '11.0.5'
Driver info: driver.version: ChromeDriver
remote stacktrace: Backtrace:
Ordinal0 [0x006F5E93+2449043]
Ordinal0 [0x00628281+1606273]
Ordinal0 [0x0051F889+522377]
Ordinal0 [0x004B05F3+67059]
Ordinal0 [0x004ACD92+52626]
Ordinal0 [0x004CC127+180519]
Ordinal0 [0x004CBF2D+180013]
Ordinal0 [0x004C9E5B+171611]
Ordinal0 [0x004B1DD8+73176]
Ordinal0 [0x004B2E50+77392]
Ordinal0 [0x004B2DE9+77289]
Ordinal0 [0x0063D7F7+1693687]
GetHandleVerifier [0x00794576+522742]
GetHandleVerifier [0x007942B4+522036]
GetHandleVerifier [0x007A9587+608775]
GetHandleVerifier [0x00794DE6+524902]
Ordinal0 [0x00635BDC+1661916]
Ordinal0 [0x0063F15B+1700187]
Ordinal0 [0x0063F2C3+1700547]
Ordinal0 [0x00655135+1790261]
BaseThreadInitThunk [0x76A56359+25]
RtlGetAppContainerNamedObjectPath [0x77677C24+228]
RtlGetAppContainerNamedObjectPath [0x77677BF4+180]

at java.base/jdk.internal.reflect.NativeConstructorAccessorImpl.newInstance0(Native Method)
at java.base/jdk.internal.reflect.NativeConstructorAccessorImpl.newInstance(NativeConstructorAccessorImpl.java:62)
at java.base/jdk.internal.reflect.DelegatingConstructorAccessorImpl.newInstance(DelegatingConstructorAccessorImpl.java:45)
at java.base/java.lang.reflect.Constructor.newInstance(Constructor.java:490)
at org.openqa.selenium.remote.W3CHandshakeResponse.lambda$errorHandler$0(W3CHandshakeResponse.java:62)
at org.openqa.selenium.remote.HandshakeResponse.lambda$getResponseFunction$0(HandshakeResponse.java:30)
at org.openqa.selenium.remote.ProtocolHandshake.lambda$createSession$0(ProtocolHandshake.java:126)
at java.base/java.util.stream.ReferencePipeline$3$1.accept(ReferencePipeline.java:195)
at java.base/java.util.Spliterators$ArraySpliterator.tryAdvance(Spliterators.java:958)
at java.base/java.util.stream.ReferencePipeline.forEachWithCancel(ReferencePipeline.java:127)
at java.base/java.util.stream.AbstractPipeline.copyIntoWithCancel(AbstractPipeline.java:502)
at java.base/java.util.stream.AbstractPipeline.copyInto(AbstractPipeline.java:488)
at java.base/java.util.stream.AbstractPipeline.wrapAndCopyInto(AbstractPipeline.java:474)
at java.base/java.util.stream.FindOps$FindOp.evaluateSequential(FindOps.java:150)
at java.base/java.util.stream.AbstractPipeline.evaluate(AbstractPipeline.java:234)
at java.base/java.util.stream.ReferencePipeline.findFirst(ReferencePipeline.java:543)
at org.openqa.selenium.remote.ProtocolHandshake.createSession(ProtocolHandshake.java:128)
at org.openqa.selenium.remote.ProtocolHandshake.createSession(ProtocolHandshake.java:74)
at org.openqa.selenium.remote.HttpCommandExecutor.execute(HttpCommandExecutor.java:136)
at org.openqa.selenium.remote.service.DriverCommandExecutor.execute(DriverCommandExecutor.java:83)
at org.openqa.selenium.remote.RemoteWebDriver.execute(RemoteWebDriver.java:552)
at org.openqa.selenium.remote.RemoteWebDriver.startSession(RemoteWebDriver.java:213)
at org.openqa.selenium.remote.RemoteWebDriver.<init>(RemoteWebDriver.java:131)
at org.openqa.selenium.chrome.ChromeDriver.<init>(ChromeDriver.java:181)
at org.openqa.selenium.chrome.ChromeDriver.<init>(ChromeDriver.java:168)
at org.openqa.selenium.chrome.ChromeDriver.<init>(ChromeDriver.java:123)
at Base.BasePage.openBrowser(BasePage.java:70)
at java.base/jdk.internal.reflect.NativeMethodAccessorImpl.invoke0(Native Method)
at java.base/jdk.internal.reflect.NativeMethodAccessorImpl.invoke(NativeMethodAccessorImpl.java:62)
at java.base/jdk.internal.reflect.DelegatingMethodAccessorImpl.invoke(DelegatingMethodAccessorImpl.java:43)
at java.base/java.lang.reflect.Method.invoke(Method.java:566)
at org.testng.internal.MethodInvocationHelper.invokeMethod(MethodInvocationHelper.java:135)
at org.testng.internal.MethodInvocationHelper.invokeMethodConsideringTimeout(MethodInvocationHelper.java:64)
at org.testng.internal.ConfigInvoker.invokeConfigurationMethod(ConfigInvoker.java:364)
at org.testng.internal.ConfigInvoker.invokeConfigurations(ConfigInvoker.java:318)
at org.testng.SuiteRunner.privateRun(SuiteRunner.java:327)
at org.testng.SuiteRunner.run(SuiteRunner.java:286)
at org.testng.SuiteRunnerWorker.runSuite(SuiteRunnerWorker.java:53)
at org.testng.SuiteRunnerWorker.run(SuiteRunnerWorker.java:96)
at org.testng.TestNG.runSuitesSequentially(TestNG.java:1214)
at org.testng.TestNG.runSuitesLocally(TestNG.java:1136)
at org.testng.TestNG.runSuites(TestNG.java:1066)
at org.testng.TestNG.run(TestNG.java:1034)
at org.testng.remote.AbstractRemoteTestNG.run(AbstractRemoteTestNG.java:115)
at org.testng.remote.RemoteTestNG.initAndRun(RemoteTestNG.java:251)
at org.testng.remote.RemoteTestNG.main(RemoteTestNG.java:77)
]]>
            </full-stacktrace>
          </exception> <!-- org.openqa.selenium.SessionNotCreatedException -->
          <reporter-output>
          </reporter-output>
        </test-method> <!-- Home -->
        <test-method is-config="true" signature="quit(org.testng.ITestResult)[pri:0, instance:TestCases.searches@38467116]" started-at="2020-06-26T12:44:10 IST" name="quit" finished-at="1970-01-01T05:30:00 IST" duration-ms="-1593155650150" status="SKIP">
          <reporter-output>
          </reporter-output>
        </test-method> <!-- quit -->
        <test-method is-config="true" signature="tearDown()[pri:0, instance:TestCases.searches@38467116]" started-at="2020-06-26T12:44:10 IST" name="tearDown" finished-at="1970-01-01T05:30:00 IST" duration-ms="-1593155650201" status="SKIP">
          <reporter-output>
          </reporter-output>
        </test-method> <!-- tearDown -->
      </class> <!-- TestCases.searches -->
    </test> <!-- Default test -->
  </suite> <!-- Default suite -->
</testng-results>
